1653771090397	geckodriver	INFO	Listening on 127.0.0.1:61731
1653771093461	mozrunner::runner	INFO	Running command: "C:\\Program Files\\Mozilla Firefox\\firefox.exe" "--marionette" "--remote-debugging-port" "61732" "--remote-allow-hosts" "localhost" "-no-remote" "-profile" "C:\\Users\\gulna\\AppData\\Local\\Temp\\rust_mozprofiledl4BWq"
1653771093956	Marionette	INFO	Marionette enabled
console.warn: SearchSettings: "get: No settings file exists, new profile?" (new NotFoundError("Could not open the file at C:\\Users\\gulna\\AppData\\Local\\Temp\\rust_mozprofiledl4BWq\\search.json.mozlz4", (void 0)))
DevTools listening on ws://localhost:61732/devtools/browser/703020ec-0d61-466b-ac22-42e08285943d
console.error: services.settings: 
  main/query-stripping Signature failed  InvalidSignatureError: Invalid content signature (main/query-stripping)
console.error: services.settings: 
  main/query-stripping local data was corrupted
console.warn: services.settings: main/query-stripping Signature verified failed. Retry from scratch
1653771095833	Marionette	INFO	Listening on port 61757
console.error: services.settings: 
  main/query-stripping Signature failed again InvalidSignatureError: Invalid content signature (main/query-stripping)
Read port: 61757
1653771095940	RemoteAgent	WARN	TLS certificate errors will be ignored for this session
1653771103949	Marionette	INFO	Stopped listening on port 61757
console.warn: TopSitesFeed: Failed to fetch data from Contile server: NetworkError when attempting to fetch resource.

###!!! [Parent][PGPUParent] Error: RunMessage(msgname=PGPU::Msg_ShutdownVR) Channel closing: too late to send/recv, messages will be lost

1653771130990	geckodriver	INFO	Listening on 127.0.0.1:61815
1653771134040	mozrunner::runner	INFO	Running command: "C:\\Program Files\\Mozilla Firefox\\firefox.exe" "--marionette" "--remote-debugging-port" "61816" "--remote-allow-hosts" "localhost" "-no-remote" "-profile" "C:\\Users\\gulna\\AppData\\Local\\Temp\\rust_mozprofileAL0go5"
1653771134351	Marionette	INFO	Marionette enabled
console.warn: SearchSettings: "get: No settings file exists, new profile?" (new NotFoundError("Could not open the file at C:\\Users\\gulna\\AppData\\Local\\Temp\\rust_mozprofileAL0go5\\search.json.mozlz4", (void 0)))
DevTools listening on ws://localhost:61816/devtools/browser/bd857de0-5482-4895-a3dd-7ec898aa5a88
1653771135777	Marionette	INFO	Listening on port 61842
console.error: services.settings: 
  main/query-stripping Signature failed  InvalidSignatureError: Invalid content signature (main/query-stripping)
console.error: services.settings: 
  main/query-stripping local data was corrupted
console.warn: services.settings: main/query-stripping Signature verified failed. Retry from scratch
console.error: services.settings: 
  main/query-stripping Signature failed again InvalidSignatureError: Invalid content signature (main/query-stripping)
Read port: 61842
1653771135916	RemoteAgent	WARN	TLS certificate errors will be ignored for this session
1653771163978	Marionette	INFO	Stopped listening on port 61842
console.warn: TopSitesFeed: Failed to fetch data from Contile server: NetworkError when attempting to fetch resource.
1653771748952	geckodriver	INFO	Listening on 127.0.0.1:62382
1653771752031	mozrunner::runner	INFO	Running command: "C:\\Program Files\\Mozilla Firefox\\firefox.exe" "--marionette" "--remote-debugging-port" "62383" "--remote-allow-hosts" "localhost" "-no-remote" "-profile" "C:\\Users\\gulna\\AppData\\Local\\Temp\\rust_mozprofileBHq3BL"
1653771752314	Marionette	INFO	Marionette enabled
console.warn: SearchSettings: "get: No settings file exists, new profile?" (new NotFoundError("Could not open the file at C:\\Users\\gulna\\AppData\\Local\\Temp\\rust_mozprofileBHq3BL\\search.json.mozlz4", (void 0)))
DevTools listening on ws://localhost:62383/devtools/browser/e3c1f3ce-4025-42f5-b652-650dee736d18
1653771753919	Marionette	INFO	Listening on port 62405
Read port: 62405
1653771754048	RemoteAgent	WARN	TLS certificate errors will be ignored for this session
console.error: services.settings: 
  main/query-stripping Signature failed  InvalidSignatureError: Invalid content signature (main/query-stripping)
console.error: services.settings: 
  main/query-stripping local data was corrupted
console.warn: services.settings: main/query-stripping Signature verified failed. Retry from scratch
console.error: services.settings: 
  main/query-stripping Signature failed again InvalidSignatureError: Invalid content signature (main/query-stripping)
JavaScript warning: https://pagead2.googlesyndication.com/bg/QVskxRw7CvsogGZyHRgqudPcMMWoBc1HqTdFrXgdWFU.js line 2 > eval line 5625 > eval line 1 > eval line 1 > eval, line 1: WEBGL_debug_renderer_info is deprecated in Firefox and will be removed. Please use RENDERER.
1653771765309	Marionette	WARN	TimedPromise timed out after 5000 ms: stacktrace:
TimedPromise/<@chrome://remote/content/marionette/sync.js:235:19
TimedPromise@chrome://remote/content/marionette/sync.js:220:10
GeckoDriver.prototype.minimizeWindow@chrome://remote/content/marionette/driver.js:2294:11
JavaScript warning: https://pagead2.googlesyndication.com/bg/QVskxRw7CvsogGZyHRgqudPcMMWoBc1HqTdFrXgdWFU.js line 2 > eval line 6143 > eval line 1 > eval line 1 > eval, line 1: WEBGL_debug_renderer_info is deprecated in Firefox and will be removed. Please use RENDERER.
1653771784250	Marionette	INFO	Stopped listening on port 62405
[Parent 3748, IPC I/O Parent] WARNING: file /builds/worker/checkouts/gecko/ipc/chromium/src/base/process_util_win.cc:167
1654020820606	geckodriver	INFO	Listening on 127.0.0.1:62707
1654020823640	mozrunner::runner	INFO	Running command: "C:\\Program Files\\Mozilla Firefox\\firefox.exe" "--marionette" "--remote-debugging-port" "62708" "--remote-allow-hosts" "localhost" "-no-remote" "-profile" "C:\\Users\\gulna\\AppData\\Local\\Temp\\rust_mozprofileuYCyYz"
1654020823981	Marionette	INFO	Marionette enabled
console.warn: SearchSettings: "get: No settings file exists, new profile?" (new NotFoundError("Could not open the file at C:\\Users\\gulna\\AppData\\Local\\Temp\\rust_mozprofileuYCyYz\\search.json.mozlz4", (void 0)))
DevTools listening on ws://localhost:62708/devtools/browser/bfb484f9-0dd2-4522-9880-88072d539e7d
1654020825753	Marionette	INFO	Listening on port 62729
Read port: 62729
1654020825894	RemoteAgent	WARN	TLS certificate errors will be ignored for this session
console.error: services.settings: 
  main/query-stripping Signature failed  InvalidSignatureError: Invalid content signature (main/query-stripping)
console.error: services.settings: 
  main/query-stripping local data was corrupted
console.warn: services.settings: main/query-stripping Signature verified failed. Retry from scratch
console.error: services.settings: 
  main/query-stripping Signature failed again InvalidSignatureError: Invalid content signature (main/query-stripping)
console.warn: LoginRecipes: "getRecipes: falling back to a synchronous message for:" "https://rahulshettyacademy.com"
1654020835844	Marionette	INFO	Stopped listening on port 62729
console.warn: TopSitesFeed: Failed to fetch data from Contile server: NetworkError when attempting to fetch resource.

###!!! [Parent][PGPUParent] Error: RunMessage(msgname=PGPU::Msg_ShutdownVR) Channel closing: too late to send/recv, messages will be lost

1660989554315	geckodriver	INFO	Listening on 127.0.0.1:50464
1660989557413	mozrunner::runner	INFO	Running command: "C:\\Program Files\\Mozilla Firefox\\firefox.exe" "--marionette" "--remote-debugging-port" "50465" "--remote-allow-hosts" "localhost" "-no-remote" "-profile" "C:\\Users\\gulna\\AppData\\Local\\Temp\\rust_mozprofileaiKpoP"
1660989557874	Marionette	INFO	Marionette enabled
1660989557880	Marionette	INFO	Listening on port 50476
WebDriver BiDi listening on ws://localhost:50465
Read port: 50476
1660989558150	RemoteAgent	WARN	TLS certificate errors will be ignored for this session
console.warn: SearchSettings: "get: No settings file exists, new profile?" (new NotFoundError("Could not open the file at C:\\Users\\gulna\\AppData\\Local\\Temp\\rust_mozprofileaiKpoP\\search.json.mozlz4", (void 0)))
DevTools listening on ws://localhost:50465/devtools/browser/c0b596fd-7434-4b17-86cc-7bec7da7ff84
1660989611333	Marionette	INFO	Stopped listening on port 50476
console.warn: TopSitesFeed: Failed to fetch data from Contile server: NetworkError when attempting to fetch resource.
remote-debugging-port" "50535" "--remote-allow-hosts" "localhost" "-no-remote" "-profile" "C:\\Users\\gulna\\AppData\\Local\\Temp\\rust_mozprofileod7HZG"
1660989592731	Marionette	INFO	Marionette enabled
1660989592734	Marionette	INFO	Listening on port 50545
WebDriver BiDi listening on ws://localhost:50535
Read port: 50545
1660989592864	RemoteAgent	WARN	TLS certificate errors will be ignored for this session
console.warn: SearchSettings: "get: No settings file exists, new profile?" (new NotFoundError("Could not open the file at C:\\Users\\gulna\\AppData\\Local\\Temp\\rust_mozprofileod7HZG\\search.json.mozlz4", (void 0)))
DevTools listening on ws://localhost:50535/devtools/browser/fc5cc636-87b6-4211-8abc-d487aaf2222c
1660989609682	Marionette	INFO	Stopped listening on port 50545
console.warn: TopSitesFeed: Failed to fetch data from Contile server: NetworkError when attempting to fetch resource.
1660989809478	geckodriver	INFO	Listening on 127.0.0.1:50738
1660989812544	mozrunner::runner	INFO	Running command: "C:\\Program Files\\Mozilla Firefox\\firefox.exe" "--marionette" "--remote-debugging-port" "50739" "--remote-allow-hosts" "localhost" "-no-remote" "-profile" "C:\\Users\\gulna\\AppData\\Local\\Temp\\rust_mozprofiled72cg2"
1660989812791	Marionette	INFO	Marionette enabled
1660989812794	Marionette	INFO	Listening on port 50753
WebDriver BiDi listening on ws://localhost:50739
Read port: 50753
1660989813006	RemoteAgent	WARN	TLS certificate errors will be ignored for this session
console.warn: SearchSettings: "get: No settings file exists, new profile?" (new NotFoundError("Could not open the file at C:\\Users\\gulna\\AppData\\Local\\Temp\\rust_mozprofiled72cg2\\search.json.mozlz4", (void 0)))
DevTools listening on ws://localhost:50739/devtools/browser/0823aea6-1610-4de3-917b-218c2c76d626
1660989827010	Marionette	INFO	Stopped listening on port 50753
console.warn: TopSitesFeed: Failed to fetch data from Contile server: NetworkError when attempting to fetch resource.
1660989830715	geckodriver	INFO	Listening on 127.0.0.1:50814
1660989833777	mozrunner::runner	INFO	Running command: "C:\\Program Files\\Mozilla Firefox\\firefox.exe" "--marionette" "--remote-debugging-port" "50815" "--remote-allow-hosts" "localhost" "-no-remote" "-profile" "C:\\Users\\gulna\\AppData\\Local\\Temp\\rust_mozprofileJJMc1o"
1660989834016	Marionette	INFO	Marionette enabled
1660989834019	Marionette	INFO	Listening on port 50825
WebDriver BiDi listening on ws://localhost:50815
Read port: 50825
1660989834225	RemoteAgent	WARN	TLS certificate errors will be ignored for this session
console.warn: SearchSettings: "get: No settings file exists, new profile?" (new NotFoundError("Could not open the file at C:\\Users\\gulna\\AppData\\Local\\Temp\\rust_mozprofileJJMc1o\\search.json.mozlz4", (void 0)))
DevTools listening on ws://localhost:50815/devtools/browser/2c666400-010a-49c8-aad1-e03364065a2f
1660989856731	Marionette	INFO	Stopped listening on port 50825
console.warn: TopSitesFeed: Failed to fetch data from Contile server: NetworkError when attempting to fetch resource.
1660989861891	geckodriver	INFO	Listening on 127.0.0.1:50879
1660989864960	mozrunner::runner	INFO	Running command: "C:\\Program Files\\Mozilla Firefox\\firefox.exe" "--marionette" "--remote-debugging-port" "50880" "--remote-allow-hosts" "localhost" "-no-remote" "-profile" "C:\\Users\\gulna\\AppData\\Local\\Temp\\rust_mozprofileubwC7K"
1660989865207	Marionette	INFO	Marionette enabled
1660989865210	Marionette	INFO	Listening on port 50893
WebDriver BiDi listening on ws://localhost:50880
Read port: 50893
1660989865408	RemoteAgent	WARN	TLS certificate errors will be ignored for this session
console.warn: SearchSettings: "get: No settings file exists, new profile?" (new NotFoundError("Could not open the file at C:\\Users\\gulna\\AppData\\Local\\Temp\\rust_mozprofileubwC7K\\search.json.mozlz4", (void 0)))
DevTools listening on ws://localhost:50880/devtools/browser/348bde13-4cff-4e43-a3b7-f5c60e013668
1660989897734	Marionette	INFO	Stopped listening on port 50893
console.warn: TopSitesFeed: Failed to fetch data from Contile server: NetworkError when attempting to fetch resource.
1660990432082	geckodriver	INFO	Listening on 127.0.0.1:51380
1660990435161	mozrunner::runner	INFO	Running command: "C:\\Program Files\\Mozilla Firefox\\firefox.exe" "--marionette" "--remote-debugging-port" "51381" "--remote-allow-hosts" "localhost" "-no-remote" "-profile" "C:\\Users\\gulna\\AppData\\Local\\Temp\\rust_mozprofileFa43JB"
1660990435406	Marionette	INFO	Marionette enabled
1660990435410	Marionette	INFO	Listening on port 51392
WebDriver BiDi listening on ws://localhost:51381
Read port: 51392
1660990435546	RemoteAgent	WARN	TLS certificate errors will be ignored for this session
console.warn: SearchSettings: "get: No settings file exists, new profile?" (new NotFoundError("Could not open the file at C:\\Users\\gulna\\AppData\\Local\\Temp\\rust_mozprofileFa43JB\\search.json.mozlz4", (void 0)))
DevTools listening on ws://localhost:51381/devtools/browser/c6406f35-5343-4fb4-838f-e3e3c2a4f2de
JavaScript error: resource://gre/modules/URIFixup.jsm, line 278: NS_ERROR_FAILURE: Should pass a non-null uri
1660990452914	Marionette	INFO	Stopped listening on port 51392
console.warn: TopSitesFeed: Failed to fetch data from Contile server: NetworkError when attempting to fetch resource.
1660990456717	geckodriver	INFO	Listening on 127.0.0.1:51449
1660990459778	mozrunner::runner	INFO	Running command: "C:\\Program Files\\Mozilla Firefox\\firefox.exe" "--marionette" "--remote-debugging-port" "51450" "--remote-allow-hosts" "localhost" "-no-remote" "-profile" "C:\\Users\\gulna\\AppData\\Local\\Temp\\rust_mozprofilecSXlD5"
1660990460032	Marionette	INFO	Marionette enabled
1660990460036	Marionette	INFO	Listening on port 51462
WebDriver BiDi listening on ws://localhost:51450
Read port: 51462
1660990460164	RemoteAgent	WARN	TLS certificate errors will be ignored for this session
console.warn: SearchSettings: "get: No settings file exists, new profile?" (new NotFoundError("Could not open the file at C:\\Users\\gulna\\AppData\\Local\\Temp\\rust_mozprofilecSXlD5\\search.json.mozlz4", (void 0)))
DevTools listening on ws://localhost:51450/devtools/browser/209e10f6-6b86-4249-add0-8554d54c4e0d
JavaScript error: resource://gre/modules/URIFixup.jsm, line 278: NS_ERROR_FAILURE: Should pass a non-null uri
1660990499194	Marionette	INFO	Stopped listening on port 51462
console.warn: TopSitesFeed: Failed to fetch data from Contile server: NetworkError when attempting to fetch resource.
1660990981942	geckodriver	INFO	Listening on 127.0.0.1:51906
1660990985002	mozrunner::runner	INFO	Running command: "C:\\Program Files\\Mozilla Firefox\\firefox.exe" "--marionette" "--remote-debugging-port" "51907" "--remote-allow-hosts" "localhost" "-no-remote" "-profile" "C:\\Users\\gulna\\AppData\\Local\\Temp\\rust_mozprofileDNBi25"
1660990985260	Marionette	INFO	Marionette enabled
1660990985263	Marionette	INFO	Listening on port 51919
WebDriver BiDi listening on ws://localhost:51907
Read port: 51919
1660990985392	RemoteAgent	WARN	TLS certificate errors will be ignored for this session
console.warn: SearchSettings: "get: No settings file exists, new profile?" (new NotFoundError("Could not open the file at C:\\Users\\gulna\\AppData\\Local\\Temp\\rust_mozprofileDNBi25\\search.json.mozlz4", (void 0)))
DevTools listening on ws://localhost:51907/devtools/browser/808a0122-515e-4fbf-826a-bab864abb6dc
JavaScript error: resource://gre/modules/URIFixup.jsm, line 278: NS_ERROR_FAILURE: Should pass a non-null uri
1660991017572	Marionette	INFO	Stopped listening on port 51919
console.warn: TopSitesFeed: Failed to fetch data from Contile server: NetworkError when attempting to fetch resource.
Invalid port. Exiting...
Invalid port. Exiting...
Invalid port. Exiting...
1660993576090	geckodriver	INFO	Listening on 127.0.0.1:56844
1660993579158	mozrunner::runner	INFO	Running command: "C:\\Program Files\\Mozilla Firefox\\firefox.exe" "--marionette" "--remote-debugging-port" "56845" "--remote-allow-hosts" "localhost" "-no-remote" "-profile" "C:\\Users\\gulna\\AppData\\Local\\Temp\\rust_mozprofileorTXRy"
1660993579431	Marionette	INFO	Marionette enabled
1660993579434	Marionette	INFO	Listening on port 56857
WebDriver BiDi listening on ws://localhost:56845
Read port: 56857
1660993579554	RemoteAgent	WARN	TLS certificate errors will be ignored for this session
console.warn: SearchSettings: "get: No settings file exists, new profile?" (new NotFoundError("Could not open the file at C:\\Users\\gulna\\AppData\\Local\\Temp\\rust_mozprofileorTXRy\\search.json.mozlz4", (void 0)))
DevTools listening on ws://localhost:56845/devtools/browser/793f9728-a409-46c1-b4de-fb6266b81b5e
1660993591202	Marionette	INFO	Stopped listening on port 56857
console.warn: TopSitesFeed: Failed to fetch data from Contile server: NetworkError when attempting to fetch resource.
1660993716458	geckodriver	INFO	Listening on 127.0.0.1:56985
1660993719503	mozrunner::runner	INFO	Running command: "C:\\Program Files\\Mozilla Firefox\\firefox.exe" "--marionette" "--remote-debugging-port" "56986" "--remote-allow-hosts" "localhost" "-no-remote" "-profile" "C:\\Users\\gulna\\AppData\\Local\\Temp\\rust_mozprofile9NBoj5"
1660993719755	Marionette	INFO	Marionette enabled
1660993719759	Marionette	INFO	Listening on port 56997
WebDriver BiDi listening on ws://localhost:56986
Read port: 56997
1660993719892	RemoteAgent	WARN	TLS certificate errors will be ignored for this session
console.warn: SearchSettings: "get: No settings file exists, new profile?" (new NotFoundError("Could not open the file at C:\\Users\\gulna\\AppData\\Local\\Temp\\rust_mozprofile9NBoj5\\search.json.mozlz4", (void 0)))
DevTools listening on ws://localhost:56986/devtools/browser/6dfbf60c-3bb7-4f08-be24-9901fbd0622b
1660993742020	Marionette	INFO	Stopped listening on port 56997
console.warn: TopSitesFeed: Failed to fetch data from Contile server: NetworkError when attempting to fetch resource.
1660993846471	geckodriver	INFO	Listening on 127.0.0.1:57118
1660993849560	mozrunner::runner	INFO	Running command: "C:\\Program Files\\Mozilla Firefox\\firefox.exe" "--marionette" "--remote-debugging-port" "57119" "--remote-allow-hosts" "localhost" "-no-remote" "-profile" "C:\\Users\\gulna\\AppData\\Local\\Temp\\rust_mozprofileehZTof"
1660993849804	Marionette	INFO	Marionette enabled
1660993849807	Marionette	INFO	Listening on port 57130
WebDriver BiDi listening on ws://localhost:57119
Read port: 57130
1660993850000	RemoteAgent	WARN	TLS certificate errors will be ignored for this session
console.warn: SearchSettings: "get: No settings file exists, new profile?" (new NotFoundError("Could not open the file at C:\\Users\\gulna\\AppData\\Local\\Temp\\rust_mozprofileehZTof\\search.json.mozlz4", (void 0)))
DevTools listening on ws://localhost:57119/devtools/browser/d75c5911-c4b4-459a-b186-38036cbc9464
1660993863992	Marionette	INFO	Stopped listening on port 57130
console.warn: TopSitesFeed: Failed to fetch data from Contile server: NetworkError when attempting to fetch resource.
1660994071300	geckodriver	INFO	Listening on 127.0.0.1:57335
1660994074362	mozrunner::runner	INFO	Running command: "C:\\Program Files\\Mozilla Firefox\\firefox.exe" "--marionette" "--remote-debugging-port" "57336" "--remote-allow-hosts" "localhost" "-no-remote" "-profile" "C:\\Users\\gulna\\AppData\\Local\\Temp\\rust_mozprofiledy1xl2"
1660994074609	Marionette	INFO	Marionette enabled
1660994074613	Marionette	INFO	Listening on port 57347
WebDriver BiDi listening on ws://localhost:57336
Read port: 57347
1660994074810	RemoteAgent	WARN	TLS certificate errors will be ignored for this session
console.warn: SearchSettings: "get: No settings file exists, new profile?" (new NotFoundError("Could not open the file at C:\\Users\\gulna\\AppData\\Local\\Temp\\rust_mozprofiledy1xl2\\search.json.mozlz4", (void 0)))
DevTools listening on ws://localhost:57336/devtools/browser/70516a9f-96af-41ea-82ba-77a5cbf1dd84
1660994088116	Marionette	INFO	Stopped listening on port 57347
console.warn: TopSitesFeed: Failed to fetch data from Contile server: NetworkError when attempting to fetch resource.
1660998912061	geckodriver	INFO	Listening on 127.0.0.1:52429
1660998915113	mozrunner::runner	INFO	Running command: "C:\\Program Files\\Mozilla Firefox\\firefox.exe" "--marionette" "--remote-debugging-port" "52430" "--remote-allow-hosts" "localhost" "-no-remote" "-profile" "C:\\Users\\gulna\\AppData\\Local\\Temp\\rust_mozprofilel5Iy2h"
1660998915387	Marionette	INFO	Marionette enabled
1660998915391	Marionette	INFO	Listening on port 52440
WebDriver BiDi listening on ws://localhost:52430
Read port: 52440
1660998915514	RemoteAgent	WARN	TLS certificate errors will be ignored for this session
console.warn: SearchSettings: "get: No settings file exists, new profile?" (new NotFoundError("Could not open the file at C:\\Users\\gulna\\AppData\\Local\\Temp\\rust_mozprofilel5Iy2h\\search.json.mozlz4", (void 0)))
DevTools listening on ws://localhost:52430/devtools/browser/41bb824c-8975-4eeb-b704-ececa732a2e4
JavaScript warning: https://pagead2.googlesyndication.com/bg/BcUHUABoavvpRAX3o-C5BfAq8AHsMXRVb9HgeqDHxZ8.js line 2 > eval line 5618 > eval line 1 > eval line 1 > eval, line 1: WEBGL_debug_renderer_info is deprecated in Firefox and will be removed. Please use RENDERER.
1660998931095	Marionette	INFO	Stopped listening on port 52440
console.warn: TopSitesFeed: Failed to fetch data from Contile server: NetworkError when attempting to fetch resource.
1660999043512	geckodriver	INFO	Listening on 127.0.0.1:52592
1660999046570	mozrunner::runner	INFO	Running command: "C:\\Program Files\\Mozilla Firefox\\firefox.exe" "--marionette" "--remote-debugging-port" "52593" "--remote-allow-hosts" "localhost" "-no-remote" "-profile" "C:\\Users\\gulna\\AppData\\Local\\Temp\\rust_mozprofileuzHpm5"
1660999046819	Marionette	INFO	Marionette enabled
1660999046823	Marionette	INFO	Listening on port 52603
WebDriver BiDi listening on ws://localhost:52593
Read port: 52603
1660999047027	RemoteAgent	WARN	TLS certificate errors will be ignored for this session
console.warn: SearchSettings: "get: No settings file exists, new profile?" (new NotFoundError("Could not open the file at C:\\Users\\gulna\\AppData\\Local\\Temp\\rust_mozprofileuzHpm5\\search.json.mozlz4", (void 0)))
DevTools listening on ws://localhost:52593/devtools/browser/6156b2f6-58f5-4411-89d3-69d1ec6ae7f7
JavaScript warning: https://pagead2.googlesyndication.com/bg/BcUHUABoavvpRAX3o-C5BfAq8AHsMXRVb9HgeqDHxZ8.js line 2 > eval line 373 > eval line 1 > eval line 1 > eval, line 1: WEBGL_debug_renderer_info is deprecated in Firefox and will be removed. Please use RENDERER.
1660999213852	Marionette	INFO	Stopped listening on port 52603
console.warn: TopSitesFeed: Failed to fetch data from Contile server: NetworkError when attempting to fetch resource.
remote-debugging-port" "52714" "--remote-allow-hosts" "localhost" "-no-remote" "-profile" "C:\\Users\\gulna\\AppData\\Local\\Temp\\rust_mozprofileiwKGpn"
1660999116996	Marionette	INFO	Marionette enabled
1660999117000	Marionette	INFO	Listening on port 52724
WebDriver BiDi listening on ws://localhost:52714
Read port: 52724
1660999117135	RemoteAgent	WARN	TLS certificate errors will be ignored for this session
console.warn: SearchSettings: "get: No settings file exists, new profile?" (new NotFoundError("Could not open the file at C:\\Users\\gulna\\AppData\\Local\\Temp\\rust_mozprofileiwKGpn\\search.json.mozlz4", (void 0)))
DevTools listening on ws://localhost:52714/devtools/browser/06c9c119-001a-4a44-a368-9ab914e7b11c
JavaScript warning: https://pagead2.googlesyndication.com/bg/BcUHUABoavvpRAX3o-C5BfAq8AHsMXRVb9HgeqDHxZ8.js line 2 > eval line 7069 > eval line 1 > eval line 1 > eval, line 1: WEBGL_debug_renderer_info is deprecated in Firefox and will be removed. Please use RENDERER.
1660999125892	Marionette	INFO	Stopped listening on port 52724
console.warn: TopSitesFeed: Failed to fetch data from Contile server: NetworkError when attempting to fetch resource.
1660999176337	geckodriver	INFO	Listening on 127.0.0.1:52822
1660999179375	mozrunner::runner	INFO	Running command: "C:\\Program Files\\Mozilla Firefox\\firefox.exe" "--marionette" "--remote-debugging-port" "52823" "--remote-allow-hosts" "localhost" "-no-remote" "-profile" "C:\\Users\\gulna\\AppData\\Local\\Temp\\rust_mozprofileBYluEy"
1660999179646	Marionette	INFO	Marionette enabled
1660999179649	Marionette	INFO	Listening on port 52835
WebDriver BiDi listening on ws://localhost:52823
Read port: 52835
1660999179786	RemoteAgent	WARN	TLS certificate errors will be ignored for this session
console.warn: SearchSettings: "get: No settings file exists, new profile?" (new NotFoundError("Could not open the file at C:\\Users\\gulna\\AppData\\Local\\Temp\\rust_mozprofileBYluEy\\search.json.mozlz4", (void 0)))
DevTools listening on ws://localhost:52823/devtools/browser/c11a3c3d-505f-49da-815b-db4d21f42e90
JavaScript warning: https://pagead2.googlesyndication.com/bg/BcUHUABoavvpRAX3o-C5BfAq8AHsMXRVb9HgeqDHxZ8.js line 2 > eval line 627 > eval line 1 > eval line 1 > eval, line 1: WEBGL_debug_renderer_info is deprecated in Firefox and will be removed. Please use RENDERER.
1660999190459	Marionette	INFO	Stopped listening on port 52835
console.warn: TopSitesFeed: Failed to fetch data from Contile server: NetworkError when attempting to fetch resource.
1660999483312	geckodriver	INFO	Listening on 127.0.0.1:53133
1660999486397	mozrunner::runner	INFO	Running command: "C:\\Program Files\\Mozilla Firefox\\firefox.exe" "--marionette" "headless" "--remote-debugging-port" "53134" "--remote-allow-hosts" "localhost" "-no-remote" "-profile" "C:\\Users\\gulna\\AppData\\Local\\Temp\\rust_mozprofileGkTVwg"
1660999486659	Marionette	INFO	Marionette enabled
1660999486664	Marionette	INFO	Listening on port 53145
WebDriver BiDi listening on ws://localhost:53134
Read port: 53145
1660999486794	RemoteAgent	WARN	TLS certificate errors will be ignored for this session
console.warn: SearchSettings: "get: No settings file exists, new profile?" (new NotFoundError("Could not open the file at C:\\Users\\gulna\\AppData\\Local\\Temp\\rust_mozprofileGkTVwg\\search.json.mozlz4", (void 0)))
DevTools listening on ws://localhost:53134/devtools/browser/ab68aef5-fb7c-4efc-96b2-92b340ff609c
JavaScript error: chrome://remote/content/marionette/driver.js, line 2273: NS_ERROR_ILLEGAL_VALUE: Component returned failure code: 0x80070057 (NS_ERROR_ILLEGAL_VALUE) [nsIObserverService.removeObserver]
